==========================================================
EBM MISSIONARY-AREAS IMPORT LOG
Timestamp: 2026-02-09T03:57:16.372Z
==========================================================

INPUT DATA:
  Total rows processed: 7290

RESULTS:
{
  "success": true,
  "linked": 6005,
  "alreadyLinked": 0,
  "skipped": 0,
  "notFoundMissionary": 428,
  "notFoundArea": 857,
  "skippedDetails": [],
  "notFoundMissionaryDetails": [
    {
      "row": 37,
      "alumId": "8",
      "aId": "0"
    },
    {
      "row": 150,
      "alumId": "28",
      "aId": "0"
    },
    {
      "row": 174,
      "alumId": "44",
      "aId": "264"
    },
    {
      "row": 175,
      "alumId": "44",
      "aId": "125"
    },
    {
      "row": 176,
      "alumId": "44",
      "aId": "64"
    },
    {
      "row": 177,
      "alumId": "44",
      "aId": "265"
    },
    {
      "row": 178,
      "alumId": "44",
      "aId": "167"
    },
    {
      "row": 179,
      "alumId": "44",
      "aId": "266"
    },
    {
      "row": 180,
      "alumId": "45",
      "aId": "0"
    },
    {
      "row": 210,
      "alumId": "53",
      "aId": "99"
    }
  ],
  "notFoundAreaDetails": [
    {
      "row": 1,
      "alumId": "1",
      "aId": "0"
    },
    {
      "row": 9,
      "alumId": "3",
      "aId": "0"
    },
    {
      "row": 83,
      "alumId": "14",
      "aId": "0"
    },
    {
      "row": 119,
      "alumId": "19",
      "aId": "0"
    },
    {
      "row": 127,
      "alumId": "21",
      "aId": "0"
    },
    {
      "row": 128,
      "alumId": "22",
      "aId": "0"
    },
    {
      "row": 136,
      "alumId": "24",
      "aId": "0"
    },
    {
      "row": 137,
      "alumId": "25",
      "aId": "0"
    },
    {
      "row": 157,
      "alumId": "30",
      "aId": "0"
    },
    {
      "row": 158,
      "alumId": "31",
      "aId": "0"
    }
  ],
  "message": "Successfully linked 6005 new missionary-area connections (0 already linked, 0 skipped, 428 missionaries not found, 857 areas not found)"
}

==========================================================
Log file: C:\Users\runet\Documents\GitHub\Csv import\logs\ebm-missionary-areas-import-2026-02-09T03-57-16.log
==========================================================