==========================================================
EBM MISSIONARY-AREAS IMPORT LOG
Timestamp: 2026-02-08T06:42:01.129Z
==========================================================

INPUT DATA:
  Total rows processed: 9501

RESULTS:
{
  "success": true,
  "linked": 0,
  "alreadyLinked": 0,
  "skipped": 1323,
  "notFoundMissionary": 554,
  "notFoundArea": 7624,
  "skippedDetails": [
    {
      "row": 7554,
      "reason": "Missing both a_id and area_id",
      "data": {
        "alum_id": "1",
        "area_id": "NULL"
      }
    },
    {
      "row": 7555,
      "reason": "Missing both a_id and area_id",
      "data": {
        "alum_id": "3",
        "area_id": "NULL"
      }
    },
    {
      "row": 7556,
      "reason": "Missing both a_id and area_id",
      "data": {
        "alum_id": "8",
        "area_id": "NULL"
      }
    },
    {
      "row": 7557,
      "reason": "Missing both a_id and area_id",
      "data": {
        "alum_id": "14",
        "area_id": "NULL"
      }
    },
    {
      "row": 7558,
      "reason": "Missing both a_id and area_id",
      "data": {
        "alum_id": "19",
        "area_id": "NULL"
      }
    },
    {
      "row": 7559,
      "reason": "Missing both a_id and area_id",
      "data": {
        "alum_id": "1022",
        "area_id": "NULL"
      }
    },
    {
      "row": 7560,
      "reason": "Missing both a_id and area_id",
      "data": {
        "alum_id": "21",
        "area_id": "NULL"
      }
    },
    {
      "row": 7561,
      "reason": "Missing both a_id and area_id",
      "data": {
        "alum_id": "22",
        "area_id": "NULL"
      }
    },
    {
      "row": 7562,
      "reason": "Missing both a_id and area_id",
      "data": {
        "alum_id": "24",
        "area_id": "NULL"
      }
    },
    {
      "row": 7563,
      "reason": "Missing both a_id and area_id",
      "data": {
        "alum_id": "25",
        "area_id": "NULL"
      }
    }
  ],
  "notFoundMissionaryDetails": [
    {
      "row": 18,
      "alumId": "621",
      "areaId": "1"
    },
    {
      "row": 22,
      "alumId": "777",
      "areaId": "1"
    },
    {
      "row": 31,
      "alumId": "942",
      "areaId": "1"
    },
    {
      "row": 41,
      "alumId": "1398",
      "areaId": "1"
    },
    {
      "row": 45,
      "alumId": "1329",
      "areaId": "1"
    },
    {
      "row": 84,
      "alumId": "621",
      "areaId": "2"
    },
    {
      "row": 88,
      "alumId": "777",
      "areaId": "2"
    },
    {
      "row": 97,
      "alumId": "942",
      "areaId": "2"
    },
    {
      "row": 107,
      "alumId": "1398",
      "areaId": "2"
    },
    {
      "row": 111,
      "alumId": "1329",
      "areaId": "2"
    }
  ],
  "notFoundAreaDetails": [
    {
      "row": 1,
      "alumId": "18",
      "areaId": "1"
    },
    {
      "row": 2,
      "alumId": "26",
      "areaId": "1"
    },
    {
      "row": 3,
      "alumId": "27",
      "areaId": "1"
    },
    {
      "row": 4,
      "alumId": "46",
      "areaId": "1"
    },
    {
      "row": 5,
      "alumId": "86",
      "areaId": "1"
    },
    {
      "row": 6,
      "alumId": "103",
      "areaId": "1"
    },
    {
      "row": 7,
      "alumId": "128",
      "areaId": "1"
    },
    {
      "row": 8,
      "alumId": "200",
      "areaId": "1"
    },
    {
      "row": 9,
      "alumId": "381",
      "areaId": "1"
    },
    {
      "row": 10,
      "alumId": "387",
      "areaId": "1"
    }
  ],
  "message": "Successfully linked 0 new missionary-area connections (0 already linked, 1323 skipped, 554 missionaries not found, 7624 areas not found)"
}

==========================================================
Log file: C:\Users\runet\Documents\GitHub\Csv import\logs\ebm-missionary-areas-import-2026-02-08T06-42-01.log
==========================================================